<?xml version="1.0" encoding="UTF-8"?>
<testng-results skipped="0" failed="0" ignored="0" total="1" passed="1">
  <reporter-output>
  </reporter-output>
  <suite name="MyTestNGSuite" duration-ms="12" started-at="2019-03-16T02:06:54Z" finished-at="2019-03-16T02:06:54Z">
    <groups>
    </groups>
    <test name="FirstTestNGTest" duration-ms="12" started-at="2019-03-16T02:06:54Z" finished-at="2019-03-16T02:06:54Z">
      <class name="com.oracle.testng.tests.TestNGTest1">
        <test-method status="PASS" signature="setup()[pri:0, instance:com.oracle.testng.tests.TestNGTest1@de0a01f]" name="setup" is-config="true" duration-ms="9" started-at="2019-03-16T02:06:54Z" finished-at="2019-03-16T02:06:54Z">
          <reporter-output>
          </reporter-output>
        </test-method> <!-- setup -->
        <test-method status="PASS" signature="beforeTest()[pri:0, instance:com.oracle.testng.tests.TestNGTest1@de0a01f]" name="beforeTest" is-config="true" duration-ms="0" started-at="2019-03-16T02:06:54Z" finished-at="2019-03-16T02:06:54Z">
          <reporter-output>
          </reporter-output>
        </test-method> <!-- beforeTest -->
        <test-method status="PASS" signature="testCase1()[pri:0, instance:com.oracle.testng.tests.TestNGTest1@de0a01f]" name="testCase1" duration-ms="0" started-at="2019-03-16T02:06:54Z" finished-at="2019-03-16T02:06:54Z">
          <reporter-output>
          </reporter-output>
        </test-method> <!-- testCase1 -->
      </class> <!-- com.oracle.testng.tests.TestNGTest1 -->
    </test> <!-- FirstTestNGTest -->
  </suite> <!-- MyTestNGSuite -->
</testng-results>
